<?xml version="1.0" encoding="UTF-8"?><testsuite errors="1" failures="0" name="Register user in utest page" skipped="0" tests="1" time="0.99" timestamp="2021-10-30 12:21:08"><testcase name="Successfull register"><error message="Could not instantiate class org.openqa.selenium.firefox.FirefoxDriver" type="net.thucydides.core.webdriver.DriverConfigurationError">Could not instantiate class org.openqa.selenium.firefox.FirefoxDriver</error><system-err>Could not instantiate class org.openqa.selenium.firefox.FirefoxDriver
com.bancolombia.certification.reto.tasks.OpenTheBrowser.performAs(OpenTheBrowser.java:18)
com.bancolombia.certification.reto.stepdefinitions.RegisterUserInUtestStepDefinitions.theUserIsOnTheUtestPage(RegisterUserInUtestStepDefinitions.java:29)
cucumber.runner.Runner.runPickle(Runner.java:80)
</system-err></testcase></testsuite>